2023-07-05 22:17:56.301 [http-nio-8080-exec-2] INFO  Studentservlet - READ operation completed successfully.
2023-07-05 22:24:31.369 [http-nio-8080-exec-5] INFO  Studentservlet - CREATE operation completed successfully.
2023-07-05 22:36:47.728 [http-nio-8080-exec-1] ERROR Studentservlet - An error occurred during CRUD operations.
org.postgresql.util.PSQLException: ERROR: relation "students" does not exist
  Position: 13
	at org.postgresql.core.v3.QueryExecutorImpl.receiveErrorResponse(QueryExecutorImpl.java:2552) ~[postgresql-42.2.23.jar:42.2.23]
	at org.postgresql.core.v3.QueryExecutorImpl.processResults(QueryExecutorImpl.java:2284) ~[postgresql-42.2.23.jar:42.2.23]
	at org.postgresql.core.v3.QueryExecutorImpl.execute(QueryExecutorImpl.java:322) ~[postgresql-42.2.23.jar:42.2.23]
	at org.postgresql.jdbc.PgStatement.executeInternal(PgStatement.java:481) ~[postgresql-42.2.23.jar:42.2.23]
	at org.postgresql.jdbc.PgStatement.execute(PgStatement.java:401) ~[postgresql-42.2.23.jar:42.2.23]
	at org.postgresql.jdbc.PgPreparedStatement.executeWithFlags(PgPreparedStatement.java:164) ~[postgresql-42.2.23.jar:42.2.23]
	at org.postgresql.jdbc.PgPreparedStatement.executeUpdate(PgPreparedStatement.java:130) ~[postgresql-42.2.23.jar:42.2.23]
	at Studentservlet.doDelete(Studentservlet.java:97) ~[classes/:?]
	at javax.servlet.http.HttpServlet.service(HttpServlet.java:561) ~[servlet-api.jar:4.0.FR]
	at javax.servlet.http.HttpServlet.service(HttpServlet.java:623) ~[servlet-api.jar:4.0.FR]
	at org.apache.catalina.core.ApplicationFilterChain.internalDoFilter(ApplicationFilterChain.java:209) ~[catalina.jar:9.0.76]
	at org.apache.catalina.core.ApplicationFilterChain.doFilter(ApplicationFilterChain.java:153) ~[catalina.jar:9.0.76]
	at org.apache.tomcat.websocket.server.WsFilter.doFilter(WsFilter.java:51) ~[tomcat-websocket.jar:9.0.76]
	at org.apache.catalina.core.ApplicationFilterChain.internalDoFilter(ApplicationFilterChain.java:178) ~[catalina.jar:9.0.76]
	at org.apache.catalina.core.ApplicationFilterChain.doFilter(ApplicationFilterChain.java:153) ~[catalina.jar:9.0.76]
	at org.apache.catalina.core.StandardWrapperValve.invoke(StandardWrapperValve.java:167) ~[catalina.jar:9.0.76]
	at org.apache.catalina.core.StandardContextValve.invoke(StandardContextValve.java:90) ~[catalina.jar:9.0.76]
	at org.apache.catalina.authenticator.AuthenticatorBase.invoke(AuthenticatorBase.java:481) ~[catalina.jar:9.0.76]
	at org.apache.catalina.core.StandardHostValve.invoke(StandardHostValve.java:130) ~[catalina.jar:9.0.76]
	at org.apache.catalina.valves.ErrorReportValve.invoke(ErrorReportValve.java:93) ~[catalina.jar:9.0.76]
	at org.apache.catalina.valves.AbstractAccessLogValve.invoke(AbstractAccessLogValve.java:673) ~[catalina.jar:9.0.76]
	at org.apache.catalina.core.StandardEngineValve.invoke(StandardEngineValve.java:74) ~[catalina.jar:9.0.76]
	at org.apache.catalina.connector.CoyoteAdapter.service(CoyoteAdapter.java:343) ~[catalina.jar:9.0.76]
	at org.apache.coyote.http11.Http11Processor.service(Http11Processor.java:390) ~[tomcat-coyote.jar:9.0.76]
	at org.apache.coyote.AbstractProcessorLight.process(AbstractProcessorLight.java:63) ~[tomcat-coyote.jar:9.0.76]
	at org.apache.coyote.AbstractProtocol$ConnectionHandler.process(AbstractProtocol.java:926) ~[tomcat-coyote.jar:9.0.76]
	at org.apache.tomcat.util.net.NioEndpoint$SocketProcessor.doRun(NioEndpoint.java:1791) ~[tomcat-coyote.jar:9.0.76]
	at org.apache.tomcat.util.net.SocketProcessorBase.run(SocketProcessorBase.java:52) ~[tomcat-coyote.jar:9.0.76]
	at org.apache.tomcat.util.threads.ThreadPoolExecutor.runWorker(ThreadPoolExecutor.java:1191) ~[tomcat-util.jar:9.0.76]
	at org.apache.tomcat.util.threads.ThreadPoolExecutor$Worker.run(ThreadPoolExecutor.java:659) ~[tomcat-util.jar:9.0.76]
	at org.apache.tomcat.util.threads.TaskThread$WrappingRunnable.run(TaskThread.java:61) ~[tomcat-util.jar:9.0.76]
	at java.lang.Thread.run(Thread.java:1623) [?:?]
2023-07-05 22:39:11.871 [http-nio-8080-exec-3] INFO  Studentservlet - DELETE operation completed successfully.

2023-07-06 10:08:21.427 [http-nio-8080-exec-1] INFO  Studentservlet - READ operation completed successfully.
2023-07-06 10:10:17.794 [http-nio-8080-exec-1] INFO  Studentservlet - READ operation completed successfully.
2023-07-06 10:26:35.365 [http-nio-8080-exec-1] INFO  Studentservlet - READ operation completed successfully.
2023-07-06 10:29:41.577 [http-nio-8080-exec-1] INFO  Studentservlet - DELETE operation completed successfully.
2023-07-06 10:30:20.708 [http-nio-8080-exec-5] ERROR Studentservlet - An error occurred during CRUD operations.
org.postgresql.util.PSQLException: The column index is out of range: 3, number of columns: 2.
	at org.postgresql.core.v3.SimpleParameterList.bind(SimpleParameterList.java:69) ~[postgresql-42.2.23.jar:42.2.23]
	at org.postgresql.core.v3.SimpleParameterList.setBinaryParameter(SimpleParameterList.java:136) ~[postgresql-42.2.23.jar:42.2.23]
	at org.postgresql.jdbc.PgPreparedStatement.bindBytes(PgPreparedStatement.java:1047) ~[postgresql-42.2.23.jar:42.2.23]
	at org.postgresql.jdbc.PgPreparedStatement.setInt(PgPreparedStatement.java:296) ~[postgresql-42.2.23.jar:42.2.23]
	at Studentservlet.doPost(Studentservlet.java:149) ~[classes/:?]
	at javax.servlet.http.HttpServlet.service(HttpServlet.java:555) ~[servlet-api.jar:4.0.FR]
	at javax.servlet.http.HttpServlet.service(HttpServlet.java:623) ~[servlet-api.jar:4.0.FR]
	at org.apache.catalina.core.ApplicationFilterChain.internalDoFilter(ApplicationFilterChain.java:209) ~[catalina.jar:9.0.76]
	at org.apache.catalina.core.ApplicationFilterChain.doFilter(ApplicationFilterChain.java:153) ~[catalina.jar:9.0.76]
	at org.apache.tomcat.websocket.server.WsFilter.doFilter(WsFilter.java:51) ~[tomcat-websocket.jar:9.0.76]
	at org.apache.catalina.core.ApplicationFilterChain.internalDoFilter(ApplicationFilterChain.java:178) ~[catalina.jar:9.0.76]
	at org.apache.catalina.core.ApplicationFilterChain.doFilter(ApplicationFilterChain.java:153) ~[catalina.jar:9.0.76]
	at org.apache.catalina.core.StandardWrapperValve.invoke(StandardWrapperValve.java:167) ~[catalina.jar:9.0.76]
	at org.apache.catalina.core.StandardContextValve.invoke(StandardContextValve.java:90) ~[catalina.jar:9.0.76]
	at org.apache.catalina.authenticator.AuthenticatorBase.invoke(AuthenticatorBase.java:481) ~[catalina.jar:9.0.76]
	at org.apache.catalina.core.StandardHostValve.invoke(StandardHostValve.java:130) ~[catalina.jar:9.0.76]
	at org.apache.catalina.valves.ErrorReportValve.invoke(ErrorReportValve.java:93) ~[catalina.jar:9.0.76]
	at org.apache.catalina.valves.AbstractAccessLogValve.invoke(AbstractAccessLogValve.java:673) ~[catalina.jar:9.0.76]
	at org.apache.catalina.core.StandardEngineValve.invoke(StandardEngineValve.java:74) ~[catalina.jar:9.0.76]
	at org.apache.catalina.connector.CoyoteAdapter.service(CoyoteAdapter.java:343) ~[catalina.jar:9.0.76]
	at org.apache.coyote.http11.Http11Processor.service(Http11Processor.java:390) ~[tomcat-coyote.jar:9.0.76]
	at org.apache.coyote.AbstractProcessorLight.process(AbstractProcessorLight.java:63) ~[tomcat-coyote.jar:9.0.76]
	at org.apache.coyote.AbstractProtocol$ConnectionHandler.process(AbstractProtocol.java:926) ~[tomcat-coyote.jar:9.0.76]
	at org.apache.tomcat.util.net.NioEndpoint$SocketProcessor.doRun(NioEndpoint.java:1791) ~[tomcat-coyote.jar:9.0.76]
	at org.apache.tomcat.util.net.SocketProcessorBase.run(SocketProcessorBase.java:52) ~[tomcat-coyote.jar:9.0.76]
	at org.apache.tomcat.util.threads.ThreadPoolExecutor.runWorker(ThreadPoolExecutor.java:1191) ~[tomcat-util.jar:9.0.76]
	at org.apache.tomcat.util.threads.ThreadPoolExecutor$Worker.run(ThreadPoolExecutor.java:659) ~[tomcat-util.jar:9.0.76]
	at org.apache.tomcat.util.threads.TaskThread$WrappingRunnable.run(TaskThread.java:61) ~[tomcat-util.jar:9.0.76]
	at java.lang.Thread.run(Thread.java:1623) [?:?]
2023-07-06 10:31:16.808 [http-nio-8080-exec-1] ERROR Studentservlet - An error occurred during CRUD operations.
org.postgresql.util.PSQLException: ERROR: column "deot" of relation "student" does not exist
  Position: 36
	at org.postgresql.core.v3.QueryExecutorImpl.receiveErrorResponse(QueryExecutorImpl.java:2552) ~[postgresql-42.2.23.jar:42.2.23]
	at org.postgresql.core.v3.QueryExecutorImpl.processResults(QueryExecutorImpl.java:2284) ~[postgresql-42.2.23.jar:42.2.23]
	at org.postgresql.core.v3.QueryExecutorImpl.execute(QueryExecutorImpl.java:322) ~[postgresql-42.2.23.jar:42.2.23]
	at org.postgresql.jdbc.PgStatement.executeInternal(PgStatement.java:481) ~[postgresql-42.2.23.jar:42.2.23]
	at org.postgresql.jdbc.PgStatement.execute(PgStatement.java:401) ~[postgresql-42.2.23.jar:42.2.23]
	at org.postgresql.jdbc.PgPreparedStatement.executeWithFlags(PgPreparedStatement.java:164) ~[postgresql-42.2.23.jar:42.2.23]
	at org.postgresql.jdbc.PgPreparedStatement.executeUpdate(PgPreparedStatement.java:130) ~[postgresql-42.2.23.jar:42.2.23]
	at Studentservlet.doPost(Studentservlet.java:153) ~[classes/:?]
	at javax.servlet.http.HttpServlet.service(HttpServlet.java:555) ~[servlet-api.jar:4.0.FR]
	at javax.servlet.http.HttpServlet.service(HttpServlet.java:623) ~[servlet-api.jar:4.0.FR]
	at org.apache.catalina.core.ApplicationFilterChain.internalDoFilter(ApplicationFilterChain.java:209) ~[catalina.jar:9.0.76]
	at org.apache.catalina.core.ApplicationFilterChain.doFilter(ApplicationFilterChain.java:153) ~[catalina.jar:9.0.76]
	at org.apache.tomcat.websocket.server.WsFilter.doFilter(WsFilter.java:51) ~[tomcat-websocket.jar:9.0.76]
	at org.apache.catalina.core.ApplicationFilterChain.internalDoFilter(ApplicationFilterChain.java:178) ~[catalina.jar:9.0.76]
	at org.apache.catalina.core.ApplicationFilterChain.doFilter(ApplicationFilterChain.java:153) ~[catalina.jar:9.0.76]
	at org.apache.catalina.core.StandardWrapperValve.invoke(StandardWrapperValve.java:167) ~[catalina.jar:9.0.76]
	at org.apache.catalina.core.StandardContextValve.invoke(StandardContextValve.java:90) ~[catalina.jar:9.0.76]
	at org.apache.catalina.authenticator.AuthenticatorBase.invoke(AuthenticatorBase.java:481) ~[catalina.jar:9.0.76]
	at org.apache.catalina.core.StandardHostValve.invoke(StandardHostValve.java:130) ~[catalina.jar:9.0.76]
	at org.apache.catalina.valves.ErrorReportValve.invoke(ErrorReportValve.java:93) ~[catalina.jar:9.0.76]
	at org.apache.catalina.valves.AbstractAccessLogValve.invoke(AbstractAccessLogValve.java:673) ~[catalina.jar:9.0.76]
	at org.apache.catalina.core.StandardEngineValve.invoke(StandardEngineValve.java:74) ~[catalina.jar:9.0.76]
	at org.apache.catalina.connector.CoyoteAdapter.service(CoyoteAdapter.java:343) ~[catalina.jar:9.0.76]
	at org.apache.coyote.http11.Http11Processor.service(Http11Processor.java:390) ~[tomcat-coyote.jar:9.0.76]
	at org.apache.coyote.AbstractProcessorLight.process(AbstractProcessorLight.java:63) ~[tomcat-coyote.jar:9.0.76]
	at org.apache.coyote.AbstractProtocol$ConnectionHandler.process(AbstractProtocol.java:926) ~[tomcat-coyote.jar:9.0.76]
	at org.apache.tomcat.util.net.NioEndpoint$SocketProcessor.doRun(NioEndpoint.java:1791) ~[tomcat-coyote.jar:9.0.76]
	at org.apache.tomcat.util.net.SocketProcessorBase.run(SocketProcessorBase.java:52) ~[tomcat-coyote.jar:9.0.76]
	at org.apache.tomcat.util.threads.ThreadPoolExecutor.runWorker(ThreadPoolExecutor.java:1191) ~[tomcat-util.jar:9.0.76]
	at org.apache.tomcat.util.threads.ThreadPoolExecutor$Worker.run(ThreadPoolExecutor.java:659) ~[tomcat-util.jar:9.0.76]
	at org.apache.tomcat.util.threads.TaskThread$WrappingRunnable.run(TaskThread.java:61) ~[tomcat-util.jar:9.0.76]
	at java.lang.Thread.run(Thread.java:1623) [?:?]
2023-07-06 10:31:34.572 [http-nio-8080-exec-2] ERROR Studentservlet - An error occurred during CRUD operations.
org.postgresql.util.PSQLException: ERROR: column "dob" is of type date but expression is of type character varying
  Hint: You will need to rewrite or cast the expression.
  Position: 66
	at org.postgresql.core.v3.QueryExecutorImpl.receiveErrorResponse(QueryExecutorImpl.java:2552) ~[postgresql-42.2.23.jar:42.2.23]
	at org.postgresql.core.v3.QueryExecutorImpl.processResults(QueryExecutorImpl.java:2284) ~[postgresql-42.2.23.jar:42.2.23]
	at org.postgresql.core.v3.QueryExecutorImpl.execute(QueryExecutorImpl.java:322) ~[postgresql-42.2.23.jar:42.2.23]
	at org.postgresql.jdbc.PgStatement.executeInternal(PgStatement.java:481) ~[postgresql-42.2.23.jar:42.2.23]
	at org.postgresql.jdbc.PgStatement.execute(PgStatement.java:401) ~[postgresql-42.2.23.jar:42.2.23]
	at org.postgresql.jdbc.PgPreparedStatement.executeWithFlags(PgPreparedStatement.java:164) ~[postgresql-42.2.23.jar:42.2.23]
	at org.postgresql.jdbc.PgPreparedStatement.executeUpdate(PgPreparedStatement.java:130) ~[postgresql-42.2.23.jar:42.2.23]
	at Studentservlet.doPost(Studentservlet.java:153) ~[classes/:?]
	at javax.servlet.http.HttpServlet.service(HttpServlet.java:555) ~[servlet-api.jar:4.0.FR]
	at javax.servlet.http.HttpServlet.service(HttpServlet.java:623) ~[servlet-api.jar:4.0.FR]
	at org.apache.catalina.core.ApplicationFilterChain.internalDoFilter(ApplicationFilterChain.java:209) ~[catalina.jar:9.0.76]
	at org.apache.catalina.core.ApplicationFilterChain.doFilter(ApplicationFilterChain.java:153) ~[catalina.jar:9.0.76]
	at org.apache.tomcat.websocket.server.WsFilter.doFilter(WsFilter.java:51) ~[tomcat-websocket.jar:9.0.76]
	at org.apache.catalina.core.ApplicationFilterChain.internalDoFilter(ApplicationFilterChain.java:178) ~[catalina.jar:9.0.76]
	at org.apache.catalina.core.ApplicationFilterChain.doFilter(ApplicationFilterChain.java:153) ~[catalina.jar:9.0.76]
	at org.apache.catalina.core.StandardWrapperValve.invoke(StandardWrapperValve.java:167) ~[catalina.jar:9.0.76]
	at org.apache.catalina.core.StandardContextValve.invoke(StandardContextValve.java:90) ~[catalina.jar:9.0.76]
	at org.apache.catalina.authenticator.AuthenticatorBase.invoke(AuthenticatorBase.java:481) ~[catalina.jar:9.0.76]
	at org.apache.catalina.core.StandardHostValve.invoke(StandardHostValve.java:130) ~[catalina.jar:9.0.76]
	at org.apache.catalina.valves.ErrorReportValve.invoke(ErrorReportValve.java:93) ~[catalina.jar:9.0.76]
	at org.apache.catalina.valves.AbstractAccessLogValve.invoke(AbstractAccessLogValve.java:673) ~[catalina.jar:9.0.76]
	at org.apache.catalina.core.StandardEngineValve.invoke(StandardEngineValve.java:74) ~[catalina.jar:9.0.76]
	at org.apache.catalina.connector.CoyoteAdapter.service(CoyoteAdapter.java:343) ~[catalina.jar:9.0.76]
	at org.apache.coyote.http11.Http11Processor.service(Http11Processor.java:390) ~[tomcat-coyote.jar:9.0.76]
	at org.apache.coyote.AbstractProcessorLight.process(AbstractProcessorLight.java:63) ~[tomcat-coyote.jar:9.0.76]
	at org.apache.coyote.AbstractProtocol$ConnectionHandler.process(AbstractProtocol.java:926) ~[tomcat-coyote.jar:9.0.76]
	at org.apache.tomcat.util.net.NioEndpoint$SocketProcessor.doRun(NioEndpoint.java:1791) ~[tomcat-coyote.jar:9.0.76]
	at org.apache.tomcat.util.net.SocketProcessorBase.run(SocketProcessorBase.java:52) ~[tomcat-coyote.jar:9.0.76]
	at org.apache.tomcat.util.threads.ThreadPoolExecutor.runWorker(ThreadPoolExecutor.java:1191) ~[tomcat-util.jar:9.0.76]
	at org.apache.tomcat.util.threads.ThreadPoolExecutor$Worker.run(ThreadPoolExecutor.java:659) ~[tomcat-util.jar:9.0.76]
	at org.apache.tomcat.util.threads.TaskThread$WrappingRunnable.run(TaskThread.java:61) ~[tomcat-util.jar:9.0.76]
	at java.lang.Thread.run(Thread.java:1623) [?:?]
2023-07-06 10:33:14.664 [http-nio-8080-exec-4] ERROR Studentservlet - An error occurred during CRUD operations.
org.postgresql.util.PSQLException: ERROR: column "dob" is of type date but expression is of type character varying
  Hint: You will need to rewrite or cast the expression.
  Position: 66
	at org.postgresql.core.v3.QueryExecutorImpl.receiveErrorResponse(QueryExecutorImpl.java:2552) ~[postgresql-42.2.23.jar:42.2.23]
	at org.postgresql.core.v3.QueryExecutorImpl.processResults(QueryExecutorImpl.java:2284) ~[postgresql-42.2.23.jar:42.2.23]
	at org.postgresql.core.v3.QueryExecutorImpl.execute(QueryExecutorImpl.java:322) ~[postgresql-42.2.23.jar:42.2.23]
	at org.postgresql.jdbc.PgStatement.executeInternal(PgStatement.java:481) ~[postgresql-42.2.23.jar:42.2.23]
	at org.postgresql.jdbc.PgStatement.execute(PgStatement.java:401) ~[postgresql-42.2.23.jar:42.2.23]
	at org.postgresql.jdbc.PgPreparedStatement.executeWithFlags(PgPreparedStatement.java:164) ~[postgresql-42.2.23.jar:42.2.23]
	at org.postgresql.jdbc.PgPreparedStatement.executeUpdate(PgPreparedStatement.java:130) ~[postgresql-42.2.23.jar:42.2.23]
	at Studentservlet.doPost(Studentservlet.java:153) ~[classes/:?]
	at javax.servlet.http.HttpServlet.service(HttpServlet.java:555) ~[servlet-api.jar:4.0.FR]
	at javax.servlet.http.HttpServlet.service(HttpServlet.java:623) ~[servlet-api.jar:4.0.FR]
	at org.apache.catalina.core.ApplicationFilterChain.internalDoFilter(ApplicationFilterChain.java:209) ~[catalina.jar:9.0.76]
	at org.apache.catalina.core.ApplicationFilterChain.doFilter(ApplicationFilterChain.java:153) ~[catalina.jar:9.0.76]
	at org.apache.tomcat.websocket.server.WsFilter.doFilter(WsFilter.java:51) ~[tomcat-websocket.jar:9.0.76]
	at org.apache.catalina.core.ApplicationFilterChain.internalDoFilter(ApplicationFilterChain.java:178) ~[catalina.jar:9.0.76]
	at org.apache.catalina.core.ApplicationFilterChain.doFilter(ApplicationFilterChain.java:153) ~[catalina.jar:9.0.76]
	at org.apache.catalina.core.StandardWrapperValve.invoke(StandardWrapperValve.java:167) ~[catalina.jar:9.0.76]
	at org.apache.catalina.core.StandardContextValve.invoke(StandardContextValve.java:90) ~[catalina.jar:9.0.76]
	at org.apache.catalina.authenticator.AuthenticatorBase.invoke(AuthenticatorBase.java:481) ~[catalina.jar:9.0.76]
	at org.apache.catalina.core.StandardHostValve.invoke(StandardHostValve.java:130) ~[catalina.jar:9.0.76]
	at org.apache.catalina.valves.ErrorReportValve.invoke(ErrorReportValve.java:93) ~[catalina.jar:9.0.76]
	at org.apache.catalina.valves.AbstractAccessLogValve.invoke(AbstractAccessLogValve.java:673) ~[catalina.jar:9.0.76]
	at org.apache.catalina.core.StandardEngineValve.invoke(StandardEngineValve.java:74) ~[catalina.jar:9.0.76]
	at org.apache.catalina.connector.CoyoteAdapter.service(CoyoteAdapter.java:343) ~[catalina.jar:9.0.76]
	at org.apache.coyote.http11.Http11Processor.service(Http11Processor.java:390) ~[tomcat-coyote.jar:9.0.76]
	at org.apache.coyote.AbstractProcessorLight.process(AbstractProcessorLight.java:63) ~[tomcat-coyote.jar:9.0.76]
	at org.apache.coyote.AbstractProtocol$ConnectionHandler.process(AbstractProtocol.java:926) ~[tomcat-coyote.jar:9.0.76]
	at org.apache.tomcat.util.net.NioEndpoint$SocketProcessor.doRun(NioEndpoint.java:1791) ~[tomcat-coyote.jar:9.0.76]
	at org.apache.tomcat.util.net.SocketProcessorBase.run(SocketProcessorBase.java:52) ~[tomcat-coyote.jar:9.0.76]
	at org.apache.tomcat.util.threads.ThreadPoolExecutor.runWorker(ThreadPoolExecutor.java:1191) ~[tomcat-util.jar:9.0.76]
	at org.apache.tomcat.util.threads.ThreadPoolExecutor$Worker.run(ThreadPoolExecutor.java:659) ~[tomcat-util.jar:9.0.76]
	at org.apache.tomcat.util.threads.TaskThread$WrappingRunnable.run(TaskThread.java:61) ~[tomcat-util.jar:9.0.76]
	at java.lang.Thread.run(Thread.java:1623) [?:?]
2023-07-06 10:33:54.431 [http-nio-8080-exec-1] INFO  Studentservlet - READ operation completed successfully.
2023-07-06 10:34:07.500 [http-nio-8080-exec-5] ERROR Studentservlet - An error occurred during CRUD operations.
org.postgresql.util.PSQLException: ERROR: column "dob" is of type date but expression is of type character varying
  Hint: You will need to rewrite or cast the expression.
  Position: 66
	at org.postgresql.core.v3.QueryExecutorImpl.receiveErrorResponse(QueryExecutorImpl.java:2552) ~[postgresql-42.2.23.jar:42.2.23]
	at org.postgresql.core.v3.QueryExecutorImpl.processResults(QueryExecutorImpl.java:2284) ~[postgresql-42.2.23.jar:42.2.23]
	at org.postgresql.core.v3.QueryExecutorImpl.execute(QueryExecutorImpl.java:322) ~[postgresql-42.2.23.jar:42.2.23]
	at org.postgresql.jdbc.PgStatement.executeInternal(PgStatement.java:481) ~[postgresql-42.2.23.jar:42.2.23]
	at org.postgresql.jdbc.PgStatement.execute(PgStatement.java:401) ~[postgresql-42.2.23.jar:42.2.23]
	at org.postgresql.jdbc.PgPreparedStatement.executeWithFlags(PgPreparedStatement.java:164) ~[postgresql-42.2.23.jar:42.2.23]
	at org.postgresql.jdbc.PgPreparedStatement.executeUpdate(PgPreparedStatement.java:130) ~[postgresql-42.2.23.jar:42.2.23]
	at Studentservlet.doPost(Studentservlet.java:153) ~[classes/:?]
	at javax.servlet.http.HttpServlet.service(HttpServlet.java:555) ~[servlet-api.jar:4.0.FR]
	at javax.servlet.http.HttpServlet.service(HttpServlet.java:623) ~[servlet-api.jar:4.0.FR]
	at org.apache.catalina.core.ApplicationFilterChain.internalDoFilter(ApplicationFilterChain.java:209) ~[catalina.jar:9.0.76]
	at org.apache.catalina.core.ApplicationFilterChain.doFilter(ApplicationFilterChain.java:153) ~[catalina.jar:9.0.76]
	at org.apache.tomcat.websocket.server.WsFilter.doFilter(WsFilter.java:51) ~[tomcat-websocket.jar:9.0.76]
	at org.apache.catalina.core.ApplicationFilterChain.internalDoFilter(ApplicationFilterChain.java:178) ~[catalina.jar:9.0.76]
	at org.apache.catalina.core.ApplicationFilterChain.doFilter(ApplicationFilterChain.java:153) ~[catalina.jar:9.0.76]
	at org.apache.catalina.core.StandardWrapperValve.invoke(StandardWrapperValve.java:167) ~[catalina.jar:9.0.76]
	at org.apache.catalina.core.StandardContextValve.invoke(StandardContextValve.java:90) ~[catalina.jar:9.0.76]
	at org.apache.catalina.authenticator.AuthenticatorBase.invoke(AuthenticatorBase.java:481) ~[catalina.jar:9.0.76]
	at org.apache.catalina.core.StandardHostValve.invoke(StandardHostValve.java:130) ~[catalina.jar:9.0.76]
	at org.apache.catalina.valves.ErrorReportValve.invoke(ErrorReportValve.java:93) ~[catalina.jar:9.0.76]
	at org.apache.catalina.valves.AbstractAccessLogValve.invoke(AbstractAccessLogValve.java:673) ~[catalina.jar:9.0.76]
	at org.apache.catalina.core.StandardEngineValve.invoke(StandardEngineValve.java:74) ~[catalina.jar:9.0.76]
	at org.apache.catalina.connector.CoyoteAdapter.service(CoyoteAdapter.java:343) ~[catalina.jar:9.0.76]
	at org.apache.coyote.http11.Http11Processor.service(Http11Processor.java:390) ~[tomcat-coyote.jar:9.0.76]
	at org.apache.coyote.AbstractProcessorLight.process(AbstractProcessorLight.java:63) ~[tomcat-coyote.jar:9.0.76]
	at org.apache.coyote.AbstractProtocol$ConnectionHandler.process(AbstractProtocol.java:926) ~[tomcat-coyote.jar:9.0.76]
	at org.apache.tomcat.util.net.NioEndpoint$SocketProcessor.doRun(NioEndpoint.java:1791) ~[tomcat-coyote.jar:9.0.76]
	at org.apache.tomcat.util.net.SocketProcessorBase.run(SocketProcessorBase.java:52) ~[tomcat-coyote.jar:9.0.76]
	at org.apache.tomcat.util.threads.ThreadPoolExecutor.runWorker(ThreadPoolExecutor.java:1191) ~[tomcat-util.jar:9.0.76]
	at org.apache.tomcat.util.threads.ThreadPoolExecutor$Worker.run(ThreadPoolExecutor.java:659) ~[tomcat-util.jar:9.0.76]
	at org.apache.tomcat.util.threads.TaskThread$WrappingRunnable.run(TaskThread.java:61) ~[tomcat-util.jar:9.0.76]
	at java.lang.Thread.run(Thread.java:1623) [?:?]
2023-07-06 10:40:05.640 [http-nio-8080-exec-2] INFO  Studentservlet - CREATE operation completed successfully.
2023-07-06 10:40:20.087 [http-nio-8080-exec-3] INFO  Studentservlet - READ operation completed successfully.
2023-07-06 10:52:58.802 [http-nio-8080-exec-5] INFO  Studentservlet - UPDATE operation completed successfully.
2023-07-06 10:53:11.864 [http-nio-8080-exec-7] INFO  Studentservlet - READ operation completed successfully.
2023-07-06 10:53:26.194 [http-nio-8080-exec-8] INFO  Studentservlet - UPDATE operation completed successfully.
2023-07-06 10:58:18.721 [http-nio-8080-exec-1] INFO  Studentservlet - UPDATE operation completed successfully.
2023-07-06 10:59:53.505 [http-nio-8080-exec-5] ERROR Studentservlet - An error occurred during CRUD operations.
org.postgresql.util.PSQLException: ERROR: duplicate key value violates unique constraint "student_pkey"
  Detail: Key (rno)=(103) already exists.
	at org.postgresql.core.v3.QueryExecutorImpl.receiveErrorResponse(QueryExecutorImpl.java:2552) ~[postgresql-42.2.23.jar:42.2.23]
	at org.postgresql.core.v3.QueryExecutorImpl.processResults(QueryExecutorImpl.java:2284) ~[postgresql-42.2.23.jar:42.2.23]
	at org.postgresql.core.v3.QueryExecutorImpl.execute(QueryExecutorImpl.java:322) ~[postgresql-42.2.23.jar:42.2.23]
	at org.postgresql.jdbc.PgStatement.executeInternal(PgStatement.java:481) ~[postgresql-42.2.23.jar:42.2.23]
	at org.postgresql.jdbc.PgStatement.execute(PgStatement.java:401) ~[postgresql-42.2.23.jar:42.2.23]
	at org.postgresql.jdbc.PgPreparedStatement.executeWithFlags(PgPreparedStatement.java:164) ~[postgresql-42.2.23.jar:42.2.23]
	at org.postgresql.jdbc.PgPreparedStatement.executeUpdate(PgPreparedStatement.java:130) ~[postgresql-42.2.23.jar:42.2.23]
	at Studentservlet.doPost(Studentservlet.java:155) ~[classes/:?]
	at javax.servlet.http.HttpServlet.service(HttpServlet.java:555) ~[servlet-api.jar:4.0.FR]
	at javax.servlet.http.HttpServlet.service(HttpServlet.java:623) ~[servlet-api.jar:4.0.FR]
	at org.apache.catalina.core.ApplicationFilterChain.internalDoFilter(ApplicationFilterChain.java:209) ~[catalina.jar:9.0.76]
	at org.apache.catalina.core.ApplicationFilterChain.doFilter(ApplicationFilterChain.java:153) ~[catalina.jar:9.0.76]
	at org.apache.tomcat.websocket.server.WsFilter.doFilter(WsFilter.java:51) ~[tomcat-websocket.jar:9.0.76]
	at org.apache.catalina.core.ApplicationFilterChain.internalDoFilter(ApplicationFilterChain.java:178) ~[catalina.jar:9.0.76]
	at org.apache.catalina.core.ApplicationFilterChain.doFilter(ApplicationFilterChain.java:153) ~[catalina.jar:9.0.76]
	at org.apache.catalina.core.StandardWrapperValve.invoke(StandardWrapperValve.java:167) ~[catalina.jar:9.0.76]
	at org.apache.catalina.core.StandardContextValve.invoke(StandardContextValve.java:90) ~[catalina.jar:9.0.76]
	at org.apache.catalina.authenticator.AuthenticatorBase.invoke(AuthenticatorBase.java:481) ~[catalina.jar:9.0.76]
	at org.apache.catalina.core.StandardHostValve.invoke(StandardHostValve.java:130) ~[catalina.jar:9.0.76]
	at org.apache.catalina.valves.ErrorReportValve.invoke(ErrorReportValve.java:93) ~[catalina.jar:9.0.76]
	at org.apache.catalina.valves.AbstractAccessLogValve.invoke(AbstractAccessLogValve.java:673) ~[catalina.jar:9.0.76]
	at org.apache.catalina.core.StandardEngineValve.invoke(StandardEngineValve.java:74) ~[catalina.jar:9.0.76]
	at org.apache.catalina.connector.CoyoteAdapter.service(CoyoteAdapter.java:343) ~[catalina.jar:9.0.76]
	at org.apache.coyote.http11.Http11Processor.service(Http11Processor.java:390) ~[tomcat-coyote.jar:9.0.76]
	at org.apache.coyote.AbstractProcessorLight.process(AbstractProcessorLight.java:63) ~[tomcat-coyote.jar:9.0.76]
	at org.apache.coyote.AbstractProtocol$ConnectionHandler.process(AbstractProtocol.java:926) ~[tomcat-coyote.jar:9.0.76]
	at org.apache.tomcat.util.net.NioEndpoint$SocketProcessor.doRun(NioEndpoint.java:1791) ~[tomcat-coyote.jar:9.0.76]
	at org.apache.tomcat.util.net.SocketProcessorBase.run(SocketProcessorBase.java:52) ~[tomcat-coyote.jar:9.0.76]
	at org.apache.tomcat.util.threads.ThreadPoolExecutor.runWorker(ThreadPoolExecutor.java:1191) ~[tomcat-util.jar:9.0.76]
	at org.apache.tomcat.util.threads.ThreadPoolExecutor$Worker.run(ThreadPoolExecutor.java:659) ~[tomcat-util.jar:9.0.76]
	at org.apache.tomcat.util.threads.TaskThread$WrappingRunnable.run(TaskThread.java:61) ~[tomcat-util.jar:9.0.76]
	at java.lang.Thread.run(Thread.java:1623) [?:?]
2023-07-06 11:00:23.080 [http-nio-8080-exec-8] INFO  Studentservlet - UPDATE operation completed successfully.
2023-07-06 11:00:45.136 [http-nio-8080-exec-2] INFO  Studentservlet - DELETE operation completed successfully.
2023-07-06 11:00:48.095 [http-nio-8080-exec-1] INFO  Studentservlet - DELETE operation completed successfully.
2023-07-06 11:14:32.336 [http-nio-8080-exec-2] INFO  Studentservlet - READ operation completed successfully.
2023-07-06 11:14:49.892 [http-nio-8080-exec-3] ERROR Studentservlet - An error occurred during CRUD operations.
org.postgresql.util.PSQLException: ERROR: duplicate key value violates unique constraint "student_pkey"
  Detail: Key (rno)=(104) already exists.
	at org.postgresql.core.v3.QueryExecutorImpl.receiveErrorResponse(QueryExecutorImpl.java:2552) ~[postgresql-42.2.23.jar:42.2.23]
	at org.postgresql.core.v3.QueryExecutorImpl.processResults(QueryExecutorImpl.java:2284) ~[postgresql-42.2.23.jar:42.2.23]
	at org.postgresql.core.v3.QueryExecutorImpl.execute(QueryExecutorImpl.java:322) ~[postgresql-42.2.23.jar:42.2.23]
	at org.postgresql.jdbc.PgStatement.executeInternal(PgStatement.java:481) ~[postgresql-42.2.23.jar:42.2.23]
	at org.postgresql.jdbc.PgStatement.execute(PgStatement.java:401) ~[postgresql-42.2.23.jar:42.2.23]
	at org.postgresql.jdbc.PgPreparedStatement.executeWithFlags(PgPreparedStatement.java:164) ~[postgresql-42.2.23.jar:42.2.23]
	at org.postgresql.jdbc.PgPreparedStatement.executeUpdate(PgPreparedStatement.java:130) ~[postgresql-42.2.23.jar:42.2.23]
	at Studentservlet.doPost(Studentservlet.java:155) ~[classes/:?]
	at javax.servlet.http.HttpServlet.service(HttpServlet.java:555) ~[servlet-api.jar:4.0.FR]
	at javax.servlet.http.HttpServlet.service(HttpServlet.java:623) ~[servlet-api.jar:4.0.FR]
	at org.apache.catalina.core.ApplicationFilterChain.internalDoFilter(ApplicationFilterChain.java:209) ~[catalina.jar:9.0.76]
	at org.apache.catalina.core.ApplicationFilterChain.doFilter(ApplicationFilterChain.java:153) ~[catalina.jar:9.0.76]
	at org.apache.tomcat.websocket.server.WsFilter.doFilter(WsFilter.java:51) ~[tomcat-websocket.jar:9.0.76]
	at org.apache.catalina.core.ApplicationFilterChain.internalDoFilter(ApplicationFilterChain.java:178) ~[catalina.jar:9.0.76]
	at org.apache.catalina.core.ApplicationFilterChain.doFilter(ApplicationFilterChain.java:153) ~[catalina.jar:9.0.76]
	at org.apache.catalina.core.StandardWrapperValve.invoke(StandardWrapperValve.java:167) ~[catalina.jar:9.0.76]
	at org.apache.catalina.core.StandardContextValve.invoke(StandardContextValve.java:90) ~[catalina.jar:9.0.76]
	at org.apache.catalina.authenticator.AuthenticatorBase.invoke(AuthenticatorBase.java:481) ~[catalina.jar:9.0.76]
	at org.apache.catalina.core.StandardHostValve.invoke(StandardHostValve.java:130) ~[catalina.jar:9.0.76]
	at org.apache.catalina.valves.ErrorReportValve.invoke(ErrorReportValve.java:93) ~[catalina.jar:9.0.76]
	at org.apache.catalina.valves.AbstractAccessLogValve.invoke(AbstractAccessLogValve.java:673) ~[catalina.jar:9.0.76]
	at org.apache.catalina.core.StandardEngineValve.invoke(StandardEngineValve.java:74) ~[catalina.jar:9.0.76]
	at org.apache.catalina.connector.CoyoteAdapter.service(CoyoteAdapter.java:343) ~[catalina.jar:9.0.76]
	at org.apache.coyote.http11.Http11Processor.service(Http11Processor.java:390) ~[tomcat-coyote.jar:9.0.76]
	at org.apache.coyote.AbstractProcessorLight.process(AbstractProcessorLight.java:63) ~[tomcat-coyote.jar:9.0.76]
	at org.apache.coyote.AbstractProtocol$ConnectionHandler.process(AbstractProtocol.java:926) ~[tomcat-coyote.jar:9.0.76]
	at org.apache.tomcat.util.net.NioEndpoint$SocketProcessor.doRun(NioEndpoint.java:1791) ~[tomcat-coyote.jar:9.0.76]
	at org.apache.tomcat.util.net.SocketProcessorBase.run(SocketProcessorBase.java:52) ~[tomcat-coyote.jar:9.0.76]
	at org.apache.tomcat.util.threads.ThreadPoolExecutor.runWorker(ThreadPoolExecutor.java:1191) ~[tomcat-util.jar:9.0.76]
	at org.apache.tomcat.util.threads.ThreadPoolExecutor$Worker.run(ThreadPoolExecutor.java:659) ~[tomcat-util.jar:9.0.76]
	at org.apache.tomcat.util.threads.TaskThread$WrappingRunnable.run(TaskThread.java:61) ~[tomcat-util.jar:9.0.76]
	at java.lang.Thread.run(Thread.java:1623) [?:?]
2023-07-06 11:15:02.241 [http-nio-8080-exec-4] ERROR Studentservlet - An error occurred during CRUD operations.
org.postgresql.util.PSQLException: ERROR: argument of OR must be type boolean, not type character varying
  Position: 28
	at org.postgresql.core.v3.QueryExecutorImpl.receiveErrorResponse(QueryExecutorImpl.java:2552) ~[postgresql-42.2.23.jar:42.2.23]
	at org.postgresql.core.v3.QueryExecutorImpl.processResults(QueryExecutorImpl.java:2284) ~[postgresql-42.2.23.jar:42.2.23]
	at org.postgresql.core.v3.QueryExecutorImpl.execute(QueryExecutorImpl.java:322) ~[postgresql-42.2.23.jar:42.2.23]
	at org.postgresql.jdbc.PgStatement.executeInternal(PgStatement.java:481) ~[postgresql-42.2.23.jar:42.2.23]
	at org.postgresql.jdbc.PgStatement.execute(PgStatement.java:401) ~[postgresql-42.2.23.jar:42.2.23]
	at org.postgresql.jdbc.PgPreparedStatement.executeWithFlags(PgPreparedStatement.java:164) ~[postgresql-42.2.23.jar:42.2.23]
	at org.postgresql.jdbc.PgPreparedStatement.executeUpdate(PgPreparedStatement.java:130) ~[postgresql-42.2.23.jar:42.2.23]
	at Studentservlet.doPut(Studentservlet.java:204) ~[classes/:?]
	at javax.servlet.http.HttpServlet.service(HttpServlet.java:558) ~[servlet-api.jar:4.0.FR]
	at javax.servlet.http.HttpServlet.service(HttpServlet.java:623) ~[servlet-api.jar:4.0.FR]
	at org.apache.catalina.core.ApplicationFilterChain.internalDoFilter(ApplicationFilterChain.java:209) ~[catalina.jar:9.0.76]
	at org.apache.catalina.core.ApplicationFilterChain.doFilter(ApplicationFilterChain.java:153) ~[catalina.jar:9.0.76]
	at org.apache.tomcat.websocket.server.WsFilter.doFilter(WsFilter.java:51) ~[tomcat-websocket.jar:9.0.76]
	at org.apache.catalina.core.ApplicationFilterChain.internalDoFilter(ApplicationFilterChain.java:178) ~[catalina.jar:9.0.76]
	at org.apache.catalina.core.ApplicationFilterChain.doFilter(ApplicationFilterChain.java:153) ~[catalina.jar:9.0.76]
	at org.apache.catalina.core.StandardWrapperValve.invoke(StandardWrapperValve.java:167) ~[catalina.jar:9.0.76]
	at org.apache.catalina.core.StandardContextValve.invoke(StandardContextValve.java:90) ~[catalina.jar:9.0.76]
	at org.apache.catalina.authenticator.AuthenticatorBase.invoke(AuthenticatorBase.java:481) ~[catalina.jar:9.0.76]
	at org.apache.catalina.core.StandardHostValve.invoke(StandardHostValve.java:130) ~[catalina.jar:9.0.76]
	at org.apache.catalina.valves.ErrorReportValve.invoke(ErrorReportValve.java:93) ~[catalina.jar:9.0.76]
	at org.apache.catalina.valves.AbstractAccessLogValve.invoke(AbstractAccessLogValve.java:673) ~[catalina.jar:9.0.76]
	at org.apache.catalina.core.StandardEngineValve.invoke(StandardEngineValve.java:74) ~[catalina.jar:9.0.76]
	at org.apache.catalina.connector.CoyoteAdapter.service(CoyoteAdapter.java:343) ~[catalina.jar:9.0.76]
	at org.apache.coyote.http11.Http11Processor.service(Http11Processor.java:390) ~[tomcat-coyote.jar:9.0.76]
	at org.apache.coyote.AbstractProcessorLight.process(AbstractProcessorLight.java:63) ~[tomcat-coyote.jar:9.0.76]
	at org.apache.coyote.AbstractProtocol$ConnectionHandler.process(AbstractProtocol.java:926) ~[tomcat-coyote.jar:9.0.76]
	at org.apache.tomcat.util.net.NioEndpoint$SocketProcessor.doRun(NioEndpoint.java:1791) ~[tomcat-coyote.jar:9.0.76]
	at org.apache.tomcat.util.net.SocketProcessorBase.run(SocketProcessorBase.java:52) ~[tomcat-coyote.jar:9.0.76]
	at org.apache.tomcat.util.threads.ThreadPoolExecutor.runWorker(ThreadPoolExecutor.java:1191) ~[tomcat-util.jar:9.0.76]
	at org.apache.tomcat.util.threads.ThreadPoolExecutor$Worker.run(ThreadPoolExecutor.java:659) ~[tomcat-util.jar:9.0.76]
	at org.apache.tomcat.util.threads.TaskThread$WrappingRunnable.run(TaskThread.java:61) ~[tomcat-util.jar:9.0.76]
	at java.lang.Thread.run(Thread.java:1623) [?:?]
2023-07-06 11:15:43.793 [http-nio-8080-exec-6] INFO  Studentservlet - DELETE operation completed successfully.
